<?xml version="1.0" encoding="UTF-8"?>
<testng-results ignored="0" total="1" passed="1" failed="0" skipped="0">
  <reporter-output>
  </reporter-output>
  <suite started-at="2023-03-30T13:14:41 IST" name="Default suite" finished-at="2023-03-30T13:15:34 IST" duration-ms="53599">
    <groups>
    </groups>
    <test started-at="2023-03-30T13:14:41 IST" name="Default test" finished-at="2023-03-30T13:15:34 IST" duration-ms="53599">
      <class name="com.ama.qa.test.AddCartTest">
        <test-method is-config="true" signature="initializeBrowser()[pri:0, instance:com.ama.qa.test.AddCartTest@478190fc]" started-at="2023-03-30T13:14:41 IST" name="initializeBrowser" finished-at="2023-03-30T13:14:50 IST" duration-ms="9823" status="PASS">
          <reporter-output>
          </reporter-output>
        </test-method> <!-- initializeBrowser -->
        <test-method is-config="true" signature="intialize()[pri:0, instance:com.ama.qa.test.AddCartTest@478190fc]" started-at="2023-03-30T13:14:50 IST" name="intialize" finished-at="2023-03-30T13:14:51 IST" duration-ms="64" status="PASS">
          <reporter-output>
          </reporter-output>
        </test-method> <!-- intialize -->
        <test-method signature="addProductToCart()[pri:0, instance:com.ama.qa.test.AddCartTest@478190fc]" started-at="2023-03-30T13:14:51 IST" name="addProductToCart" finished-at="2023-03-30T13:15:34 IST" duration-ms="43084" status="PASS">
          <reporter-output>
          </reporter-output>
        </test-method> <!-- addProductToCart -->
        <test-method is-config="true" signature="tearDown()[pri:0, instance:com.ama.qa.test.AddCartTest@478190fc]" started-at="2023-03-30T13:15:34 IST" name="tearDown" finished-at="2023-03-30T13:15:34 IST" duration-ms="565" status="PASS">
          <reporter-output>
          </reporter-output>
        </test-method> <!-- tearDown -->
      </class> <!-- com.ama.qa.test.AddCartTest -->
    </test> <!-- Default test -->
  </suite> <!-- Default suite -->
</testng-results>
